# JRE version: Java(TM) SE Runtime Environment (8.0_152-b16) (build 1.8.0_152-b16)
# Java VM: Java HotSpot(TM) 64-Bit Server VM (25.152-b16 mixed mode windows-amd64 compressed oops)
Heap:
 PSYoungGen      total 23552K, used 15722K [0x00000000d6b00000, 0x00000000dcf80000, 0x0000000100000000)
  eden space 18944K, 58% used [0x00000000d6b00000,0x00000000d75e68d8,0x00000000d7d80000)
  from space 4608K, 98% used [0x00000000d7d80000,0x00000000d81f4070,0x00000000d8200000)
  to   space 41984K, 0% used [0x00000000da680000,0x00000000da680000,0x00000000dcf80000)
 ParOldGen       total 63488K, used 37743K [0x0000000084000000, 0x0000000087e00000, 0x00000000d6b00000)
  object space 63488K, 59% used [0x0000000084000000,0x00000000864dbd28,0x0000000087e00000)
 Metaspace       used 30583K, capacity 32374K, committed 35328K, reserved 1079296K
  class space    used 3495K, capacity 4128K, committed 5120K, reserved 1048576K
GC Heap History (10 events):
Event: 446.132 GC heap before
{Heap before GC invocations=46 (full 5):
 PSYoungGen      total 62976K, used 23776K [0x00000000d6b00000, 0x00000000dd680000, 0x0000000100000000)
  eden space 18944K, 100% used [0x00000000d6b00000,0x00000000d7d80000,0x00000000d7d80000)
  from space 44032K, 10% used [0x00000000da980000,0x00000000dae38080,0x00000000dd480000)
  to   space 45056K, 0% used [0x00000000d7d80000,0x00000000d7d80000,0x00000000da980000)
 ParOldGen       total 63488K, used 19658K [0x0000000084000000, 0x0000000087e00000, 0x00000000d6b00000)
  object space 63488K, 30% used [0x0000000084000000,0x0000000085332808,0x0000000087e00000)
 Metaspace       used 30148K, capacity 31386K, committed 35328K, reserved 1079296K
  class space    used 3414K, capacity 3820K, committed 5120K, reserved 1048576K
Event: 446.139 GC heap after
Heap after GC invocations=46 (full 5):
 PSYoungGen      total 64000K, used 4432K [0x00000000d6b00000, 0x00000000dd580000, 0x0000000100000000)
  eden space 18944K, 0% used [0x00000000d6b00000,0x00000000d6b00000,0x00000000d7d80000)
  from space 45056K, 9% used [0x00000000d7d80000,0x00000000d81d4030,0x00000000da980000)
  to   space 45056K, 0% used [0x00000000da980000,0x00000000da980000,0x00000000dd580000)
 ParOldGen       total 63488K, used 23526K [0x0000000084000000, 0x0000000087e00000, 0x00000000d6b00000)
  object space 63488K, 37% used [0x0000000084000000,0x00000000856f9a18,0x0000000087e00000)
 Metaspace       used 30148K, capacity 31386K, committed 35328K, reserved 1079296K
  class space    used 3414K, capacity 3820K, committed 5120K, reserved 1048576K
}
Event: 448.470 GC heap before
{Heap before GC invocations=47 (full 5):
 PSYoungGen      total 64000K, used 23376K [0x00000000d6b00000, 0x00000000dd580000, 0x0000000100000000)
  eden space 18944K, 100% used [0x00000000d6b00000,0x00000000d7d80000,0x00000000d7d80000)
  from space 45056K, 9% used [0x00000000d7d80000,0x00000000d81d4030,0x00000000da980000)
  to   space 45056K, 0% used [0x00000000da980000,0x00000000da980000,0x00000000dd580000)
 ParOldGen       total 63488K, used 23526K [0x0000000084000000, 0x0000000087e00000, 0x00000000d6b00000)
  object space 63488K, 37% used [0x0000000084000000,0x00000000856f9a18,0x0000000087e00000)
 Metaspace       used 30244K, capacity 31590K, committed 35328K, reserved 1079296K
  class space    used 3432K, capacity 3888K, committed 5120K, reserved 1048576K
Event: 448.474 GC heap after
Heap after GC invocations=47 (full 5):
 PSYoungGen      total 64000K, used 4512K [0x00000000d6b00000, 0x00000000dd580000, 0x0000000100000000)
  eden space 18944K, 0% used [0x00000000d6b00000,0x00000000d6b00000,0x00000000d7d80000)
  from space 45056K, 10% used [0x00000000da980000,0x00000000dade8040,0x00000000dd580000)
  to   space 45056K, 0% used [0x00000000d7d80000,0x00000000d7d80000,0x00000000da980000)
 ParOldGen       total 63488K, used 27042K [0x0000000084000000, 0x0000000087e00000, 0x00000000d6b00000)
  object space 63488K, 42% used [0x0000000084000000,0x0000000085a68aa8,0x0000000087e00000)
 Metaspace       used 30244K, capacity 31590K, committed 35328K, reserved 1079296K
  class space    used 3432K, capacity 3888K, committed 5120K, reserved 1048576K
}
Event: 455.370 GC heap before
{Heap before GC invocations=48 (full 5):
 PSYoungGen      total 64000K, used 23456K [0x00000000d6b00000, 0x00000000dd580000, 0x0000000100000000)
  eden space 18944K, 100% used [0x00000000d6b00000,0x00000000d7d80000,0x00000000d7d80000)
  from space 45056K, 10% used [0x00000000da980000,0x00000000dade8040,0x00000000dd580000)
  to   space 45056K, 0% used [0x00000000d7d80000,0x00000000d7d80000,0x00000000da980000)
 ParOldGen       total 63488K, used 27042K [0x0000000084000000, 0x0000000087e00000, 0x00000000d6b00000)
  object space 63488K, 42% used [0x0000000084000000,0x0000000085a68aa8,0x0000000087e00000)
 Metaspace       used 30329K, capacity 31794K, committed 35328K, reserved 1079296K
  class space    used 3450K, capacity 3956K, committed 5120K, reserved 1048576K
Event: 455.373 GC heap after
Heap after GC invocations=48 (full 5):
 PSYoungGen      total 23552K, used 4448K [0x00000000d6b00000, 0x00000000dd380000, 0x0000000100000000)
  eden space 18944K, 0% used [0x00000000d6b00000,0x00000000d6b00000,0x00000000d7d80000)
  from space 4608K, 96% used [0x00000000d7d80000,0x00000000d81d8040,0x00000000d8200000)
  to   space 44032K, 0% used [0x00000000da880000,0x00000000da880000,0x00000000dd380000)
 ParOldGen       total 63488K, used 30638K [0x0000000084000000, 0x0000000087e00000, 0x00000000d6b00000)
  object space 63488K, 48% used [0x0000000084000000,0x0000000085debba8,0x0000000087e00000)
 Metaspace       used 30329K, capacity 31794K, committed 35328K, reserved 1079296K
  class space    used 3450K, capacity 3956K, committed 5120K, reserved 1048576K
}
Event: 458.943 GC heap before
{Heap before GC invocations=49 (full 5):
 PSYoungGen      total 23552K, used 23392K [0x00000000d6b00000, 0x00000000dd380000, 0x0000000100000000)
  eden space 18944K, 100% used [0x00000000d6b00000,0x00000000d7d80000,0x00000000d7d80000)
  from space 4608K, 96% used [0x00000000d7d80000,0x00000000d81d8040,0x00000000d8200000)
  to   space 44032K, 0% used [0x00000000da880000,0x00000000da880000,0x00000000dd380000)
 ParOldGen       total 63488K, used 30638K [0x0000000084000000, 0x0000000087e00000, 0x00000000d6b00000)
  object space 63488K, 48% used [0x0000000084000000,0x0000000085debba8,0x0000000087e00000)
 Metaspace       used 30412K, capacity 31998K, committed 35328K, reserved 1079296K
  class space    used 3467K, capacity 4024K, committed 5120K, reserved 1048576K
Event: 458.946 GC heap after
Heap after GC invocations=49 (full 5):
 PSYoungGen      total 61952K, used 4448K [0x00000000d6b00000, 0x00000000dd280000, 0x0000000100000000)
  eden space 18944K, 0% used [0x00000000d6b00000,0x00000000d6b00000,0x00000000d7d80000)
  from space 43008K, 10% used [0x00000000da880000,0x00000000dacd8040,0x00000000dd280000)
  to   space 43520K, 0% used [0x00000000d7d80000,0x00000000d7d80000,0x00000000da800000)
 ParOldGen       total 63488K, used 34171K [0x0000000084000000, 0x0000000087e00000, 0x00000000d6b00000)
  object space 63488K, 53% used [0x0000000084000000,0x000000008615ec48,0x0000000087e00000)
 Metaspace       used 30412K, capacity 31998K, committed 35328K, reserved 1079296K
  class space    used 3467K, capacity 4024K, committed 5120K, reserved 1048576K
}
Event: 466.817 GC heap before
{Heap before GC invocations=50 (full 5):
 PSYoungGen      total 61952K, used 23392K [0x00000000d6b00000, 0x00000000dd280000, 0x0000000100000000)
  eden space 18944K, 100% used [0x00000000d6b00000,0x00000000d7d80000,0x00000000d7d80000)
  from space 43008K, 10% used [0x00000000da880000,0x00000000dacd8040,0x00000000dd280000)
  to   space 43520K, 0% used [0x00000000d7d80000,0x00000000d7d80000,0x00000000da800000)
 ParOldGen       total 63488K, used 34171K [0x0000000084000000, 0x0000000087e00000, 0x00000000d6b00000)
  object space 63488K, 53% used [0x0000000084000000,0x000000008615ec48,0x0000000087e00000)
 Metaspace       used 30494K, capacity 32196K, committed 35328K, reserved 1079296K
  class space    used 3485K, capacity 4090K, committed 5120K, reserved 1048576K
Event: 466.822 GC heap after
Heap after GC invocations=50 (full 5):
 PSYoungGen      total 23552K, used 4560K [0x00000000d6b00000, 0x00000000dcf80000, 0x0000000100000000)
  eden space 18944K, 0% used [0x00000000d6b00000,0x00000000d6b00000,0x00000000d7d80000)
  from space 4608K, 98% used [0x00000000d7d80000,0x00000000d81f4070,0x00000000d8200000)
  to   space 41984K, 0% used [0x00000000da680000,0x00000000da680000,0x00000000dcf80000)
 ParOldGen       total 63488K, used 37743K [0x0000000084000000, 0x0000000087e00000, 0x00000000d6b00000)
  object space 63488K, 59% used [0x0000000084000000,0x00000000864dbd28,0x0000000087e00000)
 Metaspace       used 30494K, capacity 32196K, committed 35328K, reserved 1079296K
  class space    used 3485K, capacity 4090K, committed 5120K, reserved 1048576K
}

